{
    "timestamp": "2025-11-24T16:09:52-04:00",
    "method": "GET",
    "post_keys": [],
    "post": [],
    "files": []
}
{"timestamp":"2025-11-24T16:14:16-04:00","method":"GET","note":"Rejected - not POST"}
{
    "timestamp": "2025-11-24T16:15:29-04:00",
    "method": "POST",
    "post_keys": [
        "availability_preference",
        "phone_numbers",
        "cedula",
        "source",
        "candidate_name",
        "current_employment_details",
        "recent_last_salary",
        "currently_employed",
        "applied_before_details",
        "weekend_holidays",
        "call_center_salary",
        "recent_years",
        "recent_company",
        "application_language",
        "recent_role",
        "applied_before",
        "has_call_center_experience",
        "job_posting_id",
        "sector_residencia",
        "training_schedule",
        "call_center_role",
        "agrees_rotating_days",
        "availability_time",
        "knows_company",
        "interest_reason",
        "call_center_name"
    ],
    "post": {
        "availability_preference": "9-6",
        "phone_numbers": "8095550000",
        "cedula": "12345678901",
        "source": "Instagram",
        "candidate_name": "Juan Perez",
        "current_employment_details": "",
        "recent_last_salary": "15000",
        "currently_employed": "NO",
        "applied_before_details": "En 2023",
        "weekend_holidays": "SI",
        "call_center_salary": "14000",
        "recent_years": "2",
        "recent_company": "ABC",
        "application_language": "Espanol",
        "recent_role": "Agente",
        "applied_before": "SI",
        "has_call_center_experience": "SI",
        "job_posting_id": "7",
        "sector_residencia": "Ensanche",
        "training_schedule": "8:30-5:30 L-V",
        "call_center_role": "CSR",
        "agrees_rotating_days": "SI",
        "availability_time": "AM",
        "knows_company": "SI",
        "interest_reason": "Quiero trabajar",
        "call_center_name": "XYZ"
    },
    "files": []
}
